# JRE version: Java(TM) SE Runtime Environment (8.0_40-b26) (build 1.8.0_40-b26)
# Java VM: Java HotSpot(TM) 64-Bit Server VM (25.40-b25 mixed mode windows-amd64 compressed oops)
Heap:
 PSYoungGen      total 272384K, used 272368K [0x00000000e0000000, 0x00000000f5800000, 0x0000000100000000)
  eden space 220672K, 100% used [0x00000000e0000000,0x00000000ed780000,0x00000000ed780000)
  from space 51712K, 99% used [0x00000000f1500000,0x00000000f477c110,0x00000000f4780000)
  to   space 62976K, 0% used [0x00000000ed780000,0x00000000ed780000,0x00000000f1500000)
 ParOldGen       total 105472K, used 77340K [0x00000000a0000000, 0x00000000a6700000, 0x00000000e0000000)
  object space 105472K, 73% used [0x00000000a0000000,0x00000000a4b870c0,0x00000000a6700000)
 Metaspace       used 77768K, capacity 83498K, committed 83584K, reserved 1122304K
  class space    used 10000K, capacity 10880K, committed 10880K, reserved 1048576K
GC Heap History (10 events):
Event: 8883.272 GC heap before
{Heap before GC invocations=45 (full 9):
 PSYoungGen      total 172032K, used 171952K [0x00000000e0000000, 0x00000000ec900000, 0x0000000100000000)
  eden space 164864K, 100% used [0x00000000e0000000,0x00000000ea100000,0x00000000ea100000)
  from space 7168K, 98% used [0x00000000ea680000,0x00000000ead6c030,0x00000000ead80000)
  to   space 20480K, 0% used [0x00000000eb500000,0x00000000eb500000,0x00000000ec900000)
 ParOldGen       total 105472K, used 39618K [0x00000000a0000000, 0x00000000a6700000, 0x00000000e0000000)
  object space 105472K, 37% used [0x00000000a0000000,0x00000000a26b0a70,0x00000000a6700000)
 Metaspace       used 77572K, capacity 83370K, committed 83584K, reserved 1122304K
  class space    used 9996K, capacity 10880K, committed 10880K, reserved 1048576K
Event: 8883.315 GC heap after
Heap after GC invocations=45 (full 9):
 PSYoungGen      total 183296K, used 15890K [0x00000000e0000000, 0x00000000ee280000, 0x0000000100000000)
  eden space 162816K, 0% used [0x00000000e0000000,0x00000000e0000000,0x00000000e9f00000)
  from space 20480K, 77% used [0x00000000eb500000,0x00000000ec484b48,0x00000000ec900000)
  to   space 22528K, 0% used [0x00000000e9f00000,0x00000000e9f00000,0x00000000eb500000)
 ParOldGen       total 105472K, used 39618K [0x00000000a0000000, 0x00000000a6700000, 0x00000000e0000000)
  object space 105472K, 37% used [0x00000000a0000000,0x00000000a26b0a70,0x00000000a6700000)
 Metaspace       used 77572K, capacity 83370K, committed 83584K, reserved 1122304K
  class space    used 9996K, capacity 10880K, committed 10880K, reserved 1048576K
}
Event: 8884.118 GC heap before
{Heap before GC invocations=46 (full 9):
 PSYoungGen      total 183296K, used 178706K [0x00000000e0000000, 0x00000000ee280000, 0x0000000100000000)
  eden space 162816K, 100% used [0x00000000e0000000,0x00000000e9f00000,0x00000000e9f00000)
  from space 20480K, 77% used [0x00000000eb500000,0x00000000ec484b48,0x00000000ec900000)
  to   space 22528K, 0% used [0x00000000e9f00000,0x00000000e9f00000,0x00000000eb500000)
 ParOldGen       total 105472K, used 39618K [0x00000000a0000000, 0x00000000a6700000, 0x00000000e0000000)
  object space 105472K, 37% used [0x00000000a0000000,0x00000000a26b0a70,0x00000000a6700000)
 Metaspace       used 77646K, capacity 83434K, committed 83584K, reserved 1122304K
  class space    used 9998K, capacity 10880K, committed 10880K, reserved 1048576K
Event: 8884.188 GC heap after
Heap after GC invocations=46 (full 9):
 PSYoungGen      total 185344K, used 22519K [0x00000000e0000000, 0x00000000f0180000, 0x0000000100000000)
  eden space 162816K, 0% used [0x00000000e0000000,0x00000000e0000000,0x00000000e9f00000)
  from space 22528K, 99% used [0x00000000e9f00000,0x00000000eb4fde38,0x00000000eb500000)
  to   space 34304K, 0% used [0x00000000ee000000,0x00000000ee000000,0x00000000f0180000)
 ParOldGen       total 105472K, used 61070K [0x00000000a0000000, 0x00000000a6700000, 0x00000000e0000000)
  object space 105472K, 57% used [0x00000000a0000000,0x00000000a3ba3908,0x00000000a6700000)
 Metaspace       used 77646K, capacity 83434K, committed 83584K, reserved 1122304K
  class space    used 9998K, capacity 10880K, committed 10880K, reserved 1048576K
}
Event: 8884.985 GC heap before
{Heap before GC invocations=47 (full 9):
 PSYoungGen      total 185344K, used 185335K [0x00000000e0000000, 0x00000000f0180000, 0x0000000100000000)
  eden space 162816K, 100% used [0x00000000e0000000,0x00000000e9f00000,0x00000000e9f00000)
  from space 22528K, 99% used [0x00000000e9f00000,0x00000000eb4fde38,0x00000000eb500000)
  to   space 34304K, 0% used [0x00000000ee000000,0x00000000ee000000,0x00000000f0180000)
 ParOldGen       total 105472K, used 61070K [0x00000000a0000000, 0x00000000a6700000, 0x00000000e0000000)
  object space 105472K, 57% used [0x00000000a0000000,0x00000000a3ba3908,0x00000000a6700000)
 Metaspace       used 77686K, capacity 83434K, committed 83584K, reserved 1122304K
  class space    used 9998K, capacity 10880K, committed 10880K, reserved 1048576K
Event: 8885.067 GC heap after
Heap after GC invocations=47 (full 9):
 PSYoungGen      total 221184K, used 34273K [0x00000000e0000000, 0x00000000f1600000, 0x0000000100000000)
  eden space 186880K, 0% used [0x00000000e0000000,0x00000000e0000000,0x00000000eb680000)
  from space 34304K, 99% used [0x00000000ee000000,0x00000000f0178790,0x00000000f0180000)
  to   space 42496K, 0% used [0x00000000eb680000,0x00000000eb680000,0x00000000ee000000)
 ParOldGen       total 105472K, used 66383K [0x00000000a0000000, 0x00000000a6700000, 0x00000000e0000000)
  object space 105472K, 62% used [0x00000000a0000000,0x00000000a40d3cc0,0x00000000a6700000)
 Metaspace       used 77686K, capacity 83434K, committed 83584K, reserved 1122304K
  class space    used 9998K, capacity 10880K, committed 10880K, reserved 1048576K
}
Event: 8885.818 GC heap before
{Heap before GC invocations=48 (full 9):
 PSYoungGen      total 221184K, used 221153K [0x00000000e0000000, 0x00000000f1600000, 0x0000000100000000)
  eden space 186880K, 100% used [0x00000000e0000000,0x00000000eb680000,0x00000000eb680000)
  from space 34304K, 99% used [0x00000000ee000000,0x00000000f0178790,0x00000000f0180000)
  to   space 42496K, 0% used [0x00000000eb680000,0x00000000eb680000,0x00000000ee000000)
 ParOldGen       total 105472K, used 66383K [0x00000000a0000000, 0x00000000a6700000, 0x00000000e0000000)
  object space 105472K, 62% used [0x00000000a0000000,0x00000000a40d3cc0,0x00000000a6700000)
 Metaspace       used 77715K, capacity 83434K, committed 83584K, reserved 1122304K
  class space    used 9999K, capacity 10880K, committed 10880K, reserved 1048576K
Event: 8885.909 GC heap after
Heap after GC invocations=48 (full 9):
 PSYoungGen      total 229376K, used 42486K [0x00000000e0000000, 0x00000000f4780000, 0x0000000100000000)
  eden space 186880K, 0% used [0x00000000e0000000,0x00000000e0000000,0x00000000eb680000)
  from space 42496K, 99% used [0x00000000eb680000,0x00000000edffd8b0,0x00000000ee000000)
  to   space 51712K, 0% used [0x00000000f1500000,0x00000000f1500000,0x00000000f4780000)
 ParOldGen       total 105472K, used 71028K [0x00000000a0000000, 0x00000000a6700000, 0x00000000e0000000)
  object space 105472K, 67% used [0x00000000a0000000,0x00000000a455d3e0,0x00000000a6700000)
 Metaspace       used 77715K, capacity 83434K, committed 83584K, reserved 1122304K
  class space    used 9999K, capacity 10880K, committed 10880K, reserved 1048576K
}
Event: 8886.679 GC heap before
{Heap before GC invocations=49 (full 9):
 PSYoungGen      total 229376K, used 229366K [0x00000000e0000000, 0x00000000f4780000, 0x0000000100000000)
  eden space 186880K, 100% used [0x00000000e0000000,0x00000000eb680000,0x00000000eb680000)
  from space 42496K, 99% used [0x00000000eb680000,0x00000000edffd8b0,0x00000000ee000000)
  to   space 51712K, 0% used [0x00000000f1500000,0x00000000f1500000,0x00000000f4780000)
 ParOldGen       total 105472K, used 71028K [0x00000000a0000000, 0x00000000a6700000, 0x00000000e0000000)
  object space 105472K, 67% used [0x00000000a0000000,0x00000000a455d3e0,0x00000000a6700000)
 Metaspace       used 77741K, capacity 83498K, committed 83584K, reserved 1122304K
  class space    used 9999K, capacity 10880K, committed 10880K, reserved 1048576K
Event: 8886.787 GC heap after
Heap after GC invocations=49 (full 9):
 PSYoungGen      total 272384K, used 51696K [0x00000000e0000000, 0x00000000f5800000, 0x0000000100000000)
  eden space 220672K, 0% used [0x00000000e0000000,0x00000000e0000000,0x00000000ed780000)
  from space 51712K, 99% used [0x00000000f1500000,0x00000000f477c110,0x00000000f4780000)
  to   space 62976K, 0% used [0x00000000ed780000,0x00000000ed780000,0x00000000f1500000)
 ParOldGen       total 105472K, used 77340K [0x00000000a0000000, 0x00000000a6700000, 0x00000000e0000000)
  object space 105472K, 73% used [0x00000000a0000000,0x00000000a4b870c0,0x00000000a6700000)
 Metaspace       used 77741K, capacity 83498K, committed 83584K, reserved 1122304K
  class space    used 9999K, capacity 10880K, committed 10880K, reserved 1048576K
}

